[debug] [2020-02-25T12:43:44.895Z] ----------------------------------------------------------------------
[debug] [2020-02-25T12:43:44.898Z] Command:       C:\Program Files\nodejs\node.exe C:\Users\Sin\AppData\Roaming\npm\node_modules\firebase-tools\lib\bin\firebase.js serve --host 0.0.0.0
[debug] [2020-02-25T12:43:44.898Z] CLI Version:   7.12.1
[debug] [2020-02-25T12:43:44.898Z] Platform:      win32
[debug] [2020-02-25T12:43:44.898Z] Node Version:  v10.15.3
[debug] [2020-02-25T12:43:44.900Z] Time:          Tue Feb 25 2020 19:43:44 GMT+0700 (Indochina Time)
[debug] [2020-02-25T12:43:44.900Z] ----------------------------------------------------------------------
[debug] [2020-02-25T12:43:44.900Z] 
[debug] [2020-02-25T12:43:44.913Z] > command requires scopes: ["email","openid","https://www.googleapis.com/auth/cloudplatformprojects.readonly","https://www.googleapis.com/auth/firebase","https://www.googleapis.com/auth/cloud-platform"]
[debug] [2020-02-25T12:43:44.914Z] > authorizing via signed-in user
[debug] [2020-02-25T12:43:44.914Z] [iam] checking project lorid-e9c34 for permissions ["firebase.projects.get"]
[debug] [2020-02-25T12:43:44.916Z] >>> HTTP REQUEST POST https://cloudresourcemanager.googleapis.com/v1/projects/lorid-e9c34:testIamPermissions  

[debug] [2020-02-25T12:43:46.338Z] <<< HTTP RESPONSE 200
[debug] [2020-02-25T12:43:46.340Z] >>> HTTP REQUEST GET https://firebase.googleapis.com/v1beta1/projects/lorid-e9c34  
 
[debug] [2020-02-25T12:43:46.781Z] <<< HTTP RESPONSE 200
[info] 
[info] === Serving from 'C:\Users\Sin\Documents\Florid\floriday-staff'...
[info] 
[debug] [2020-02-25T12:43:46.820Z] >>> HTTP REQUEST GET https://firebase.googleapis.com/v1beta1/projects/lorid-e9c34/webApps/-/config  
 
[debug] [2020-02-25T12:43:47.731Z] <<< HTTP RESPONSE 200
[info] i  hosting[floridStaff]: Serving hosting files from: dist/floriday-staff
[info] +  hosting[floridStaff]: Local server: http://0.0.0.0:5000
[warn] !  Your requested "node" version "8" doesn't match your global version "10"
[info] +  functions: Emulator started at http://0.0.0.0:5001
[info] i  functions: Watching "C:\Users\Sin\Documents\Florid\floriday-staff\functions" for Cloud Functions...
[debug] [2020-02-25T12:43:48.865Z] [worker-pool] addWorker(~diagnostic~)
[debug] [2020-02-25T12:43:48.866Z] [worker-pool] Adding worker with key ~diagnostic~, total=1
[debug] [2020-02-25T12:43:48.866Z] [worker-pool] submitWork(triggerId=)
[debug] [2020-02-25T12:43:48.867Z] [worker-~diagnostic~-02e4a39e-c2a7-4718-8e11-5a16e7725aa5]: Assigning socketPath: \\?\pipe\C:\Users\Sin\Documents\Florid\floriday-staff\functions\22400
[debug] [2020-02-25T12:43:48.867Z] [worker-~diagnostic~-02e4a39e-c2a7-4718-8e11-5a16e7725aa5]: BUSY
[debug] [2020-02-25T12:43:49.462Z] [runtime-status] [22400] Functions runtime initialized. {"cwd":"C:\\Users\\Sin\\Documents\\Florid\\floriday-staff\\functions","node_version":"10.15.3"}
[debug] [2020-02-25T12:43:49.465Z] [runtime-status] [22400] Disabled runtime features: {"functions_config_helper":true,"network_filtering":true,"timeout":true,"memory_limiting":true,"admin_stubs":true,"pubsub_emulator":true}
[debug] [2020-02-25T12:43:49.471Z] [runtime-status] [22400] Resolved module firebase-admin {"declared":true,"installed":true,"version":"8.9.2","resolution":"C:\\Users\\Sin\\Documents\\Florid\\floriday-staff\\functions\\node_modules\\firebase-admin\\lib\\index.js"}
[debug] [2020-02-25T12:43:49.475Z] [runtime-status] [22400] Resolved module firebase-functions {"declared":true,"installed":true,"version":"3.3.0","resolution":"C:\\Users\\Sin\\Documents\\Florid\\floriday-staff\\functions\\node_modules\\firebase-functions\\lib\\index.js"}
[debug] [2020-02-25T12:43:49.477Z] [runtime-status] [22400] Resolved module firebase-functions {"declared":true,"installed":true,"version":"3.3.0","resolution":"C:\\Users\\Sin\\Documents\\Florid\\floriday-staff\\functions\\node_modules\\firebase-functions\\lib\\index.js"}
[warn] !  Error: Cannot find module 'C:\Users\Sin\Documents\Florid\floriday-staff\functions'
    at Function.Module._resolveFilename (internal/modules/cjs/loader.js:582:15)
    at Function.Module._load (internal/modules/cjs/loader.js:508:25)
    at Module.require (internal/modules/cjs/loader.js:637:17)
    at require (internal/modules/cjs/helpers.js:22:18)
    at C:\Users\Sin\AppData\Roaming\npm\node_modules\firebase-tools\lib\emulator\functionsEmulatorRuntime.js:718:33
    at Generator.next (<anonymous>)
    at fulfilled (C:\Users\Sin\AppData\Roaming\npm\node_modules\firebase-tools\lib\emulator\functionsEmulatorRuntime.js:4:58)
    at process._tickCallback (internal/process/next_tick.js:68:7)
[warn] !  We were unable to load your functions code. (see above)
   - It appears your code is written in Typescript, which must be compiled before emulation.
   - You may be able to run "npm run build" in your functions directory to resolve this.
[debug] [2020-02-25T12:43:49.577Z] [worker-~diagnostic~-02e4a39e-c2a7-4718-8e11-5a16e7725aa5]: exited
[debug] [2020-02-25T12:43:49.577Z] [worker-~diagnostic~-02e4a39e-c2a7-4718-8e11-5a16e7725aa5]: FINISHED
