[debug] [2020-02-27T15:18:55.888Z] ----------------------------------------------------------------------
[debug] [2020-02-27T15:18:55.889Z] Command:       /usr/local/bin/node /usr/local/bin/firebase deploy --only functions
[debug] [2020-02-27T15:18:55.890Z] CLI Version:   7.12.1
[debug] [2020-02-27T15:18:55.890Z] Platform:      darwin
[debug] [2020-02-27T15:18:55.890Z] Node Version:  v10.16.3
[debug] [2020-02-27T15:18:55.890Z] Time:          Thu Feb 27 2020 22:18:55 GMT+0700 (Indochina Time)
[debug] [2020-02-27T15:18:55.890Z] ----------------------------------------------------------------------
[debug] [2020-02-27T15:18:55.890Z] 
[debug] [2020-02-27T15:18:55.905Z] > command requires scopes: ["email","openid","https://www.googleapis.com/auth/cloudplatformprojects.readonly","https://www.googleapis.com/auth/firebase","https://www.googleapis.com/auth/cloud-platform"]
[debug] [2020-02-27T15:18:55.905Z] > authorizing via signed-in user
[debug] [2020-02-27T15:18:55.905Z] [iam] checking project lorid-e9c34 for permissions ["cloudfunctions.functions.create","cloudfunctions.functions.delete","cloudfunctions.functions.get","cloudfunctions.functions.list","cloudfunctions.functions.update","cloudfunctions.operations.get","firebase.projects.get"]
[debug] [2020-02-27T15:18:55.907Z] > refreshing access token with scopes: ["email","https://www.googleapis.com/auth/cloud-platform","https://www.googleapis.com/auth/cloudplatformprojects.readonly","https://www.googleapis.com/auth/firebase","openid"]
[debug] [2020-02-27T15:18:55.907Z] >>> HTTP REQUEST POST https://www.googleapis.com/oauth2/v3/token  
 <request body omitted>
[debug] [2020-02-27T15:18:56.159Z] <<< HTTP RESPONSE 200
[debug] [2020-02-27T15:18:56.173Z] >>> HTTP REQUEST POST https://cloudresourcemanager.googleapis.com/v1/projects/lorid-e9c34:testIamPermissions  

[debug] [2020-02-27T15:19:01.516Z] <<< HTTP RESPONSE 200
[info] 
[info] === Deploying to 'lorid-e9c34'...
[info] 
[info] i  deploying functions
[info] Running command: npm --prefix ./functions/ run lint
[info] Running command: npm --prefix ./functions/ run build
[info] ✔  functions: Finished running predeploy script.
[debug] [2020-02-27T15:19:12.103Z] > [functions] package.json contents: {
  "name": "functions",
  "scripts": {
    "lint": "./node_modules/.bin/tslint --project tsconfig.json && ./node_modules/.bin/tsc",
    "build": "./node_modules/.bin/tsc",
    "serve": "npm run build && firebase serve --only functions",
    "shell": "npm run build && firebase functions:shell",
    "start": "npm run shell",
    "deploy": "firebase deploy --only functions",
    "logs": "firebase functions:log"
  },
  "engines": {
    "node": "8"
  },
  "main": "lib/index.js",
  "dependencies": {
    "body-parse": "^0.1.0",
    "body-parser": "^1.19.0",
    "express": "^4.17.1",
    "firebase-admin": "^8.9.2",
    "firebase-functions": "^3.3.0",
    "firebase-functions-helper": "^0.7.5",
    "cors": "^2.8.4",
    "express-jwt": "^5.3.1",
    "jsonwebtoken": "^8.2.2",
    "rootpath": "^0.1.2"
  },
  "devDependencies": {
    "firebase-functions-test": "^0.1.6",
    "tslint": "^5.20.1",
    "typescript": "^3.7.5"
  },
  "private": true
}
[info] i  functions: ensuring necessary APIs are enabled...
[debug] [2020-02-27T15:19:12.104Z] >>> HTTP REQUEST GET https://serviceusage.googleapis.com/v1/projects/lorid-e9c34/services/cloudfunctions.googleapis.com  
 
[debug] [2020-02-27T15:19:12.104Z] >>> HTTP REQUEST GET https://serviceusage.googleapis.com/v1/projects/lorid-e9c34/services/runtimeconfig.googleapis.com  
 
[debug] [2020-02-27T15:19:14.399Z] <<< HTTP RESPONSE 200
[debug] [2020-02-27T15:19:14.629Z] <<< HTTP RESPONSE 200
[info] ✔  functions: all necessary APIs are enabled
[debug] [2020-02-27T15:19:14.630Z] >>> HTTP REQUEST GET https://firebase.googleapis.com/v1beta1/projects/lorid-e9c34/adminSdkConfig  
 
[debug] [2020-02-27T15:20:30.636Z] Error: connect ETIMEDOUT 74.125.24.95:443
    at TCPConnectWrap.afterConnect [as oncomplete] (net.js:1106:14)
[error] 
[error] Error: Server Error. connect ETIMEDOUT 74.125.24.95:443
[debug] [2020-02-27T15:21:23.684Z] ----------------------------------------------------------------------
[debug] [2020-02-27T15:21:23.685Z] Command:       /usr/local/bin/node /usr/local/bin/firebase deploy --only functions
[debug] [2020-02-27T15:21:23.685Z] CLI Version:   7.12.1
[debug] [2020-02-27T15:21:23.685Z] Platform:      darwin
[debug] [2020-02-27T15:21:23.685Z] Node Version:  v10.16.3
[debug] [2020-02-27T15:21:23.686Z] Time:          Thu Feb 27 2020 22:21:23 GMT+0700 (Indochina Time)
[debug] [2020-02-27T15:21:23.686Z] ----------------------------------------------------------------------
[debug] [2020-02-27T15:21:23.686Z] 
[debug] [2020-02-27T15:21:23.693Z] > command requires scopes: ["email","openid","https://www.googleapis.com/auth/cloudplatformprojects.readonly","https://www.googleapis.com/auth/firebase","https://www.googleapis.com/auth/cloud-platform"]
[debug] [2020-02-27T15:21:23.693Z] > authorizing via signed-in user
[debug] [2020-02-27T15:21:23.693Z] [iam] checking project lorid-e9c34 for permissions ["cloudfunctions.functions.create","cloudfunctions.functions.delete","cloudfunctions.functions.get","cloudfunctions.functions.list","cloudfunctions.functions.update","cloudfunctions.operations.get","firebase.projects.get"]
[debug] [2020-02-27T15:21:23.694Z] >>> HTTP REQUEST POST https://cloudresourcemanager.googleapis.com/v1/projects/lorid-e9c34:testIamPermissions  

[debug] [2020-02-27T15:21:25.139Z] <<< HTTP RESPONSE 200
[info] 
[info] === Deploying to 'lorid-e9c34'...
[info] 
[info] i  deploying functions
[info] Running command: npm --prefix ./functions/ run lint
[info] Running command: npm --prefix ./functions/ run build
[info] ✔  functions: Finished running predeploy script.
[debug] [2020-02-27T15:21:38.520Z] > [functions] package.json contents: {
  "name": "functions",
  "scripts": {
    "lint": "./node_modules/.bin/tslint --project tsconfig.json && ./node_modules/.bin/tsc",
    "build": "./node_modules/.bin/tsc",
    "serve": "npm run build && firebase serve --only functions",
    "shell": "npm run build && firebase functions:shell",
    "start": "npm run shell",
    "deploy": "firebase deploy --only functions",
    "logs": "firebase functions:log"
  },
  "engines": {
    "node": "8"
  },
  "main": "lib/index.js",
  "dependencies": {
    "body-parse": "^0.1.0",
    "body-parser": "^1.19.0",
    "express": "^4.17.1",
    "firebase-admin": "^8.9.2",
    "firebase-functions": "^3.3.0",
    "firebase-functions-helper": "^0.7.5",
    "cors": "^2.8.4",
    "express-jwt": "^5.3.1",
    "jsonwebtoken": "^8.2.2",
    "rootpath": "^0.1.2"
  },
  "devDependencies": {
    "firebase-functions-test": "^0.1.6",
    "tslint": "^5.20.1",
    "typescript": "^3.7.5"
  },
  "private": true
}
[info] i  functions: ensuring necessary APIs are enabled...
[debug] [2020-02-27T15:21:38.521Z] >>> HTTP REQUEST GET https://serviceusage.googleapis.com/v1/projects/lorid-e9c34/services/cloudfunctions.googleapis.com  
 
[debug] [2020-02-27T15:21:38.521Z] >>> HTTP REQUEST GET https://serviceusage.googleapis.com/v1/projects/lorid-e9c34/services/runtimeconfig.googleapis.com  
 
[debug] [2020-02-27T15:21:41.132Z] <<< HTTP RESPONSE 200
[info] ✔  functions: all necessary APIs are enabled
[debug] [2020-02-27T15:22:55.232Z] Error: connect ETIMEDOUT 74.125.200.95:443
    at TCPConnectWrap.afterConnect [as oncomplete] (net.js:1106:14)
[error] 
[error] Error: Server Error. connect ETIMEDOUT 74.125.200.95:443
